# JRE version: OpenJDK Runtime Environment (11.0.11+9) (build 11.0.11+9-Ubuntu-0ubuntu2.18.04)
# Java VM: OpenJDK 64-Bit Server VM (11.0.11+9-Ubuntu-0ubuntu2.18.04, mixed mode, sharing, tiered, compressed oops, g1 gc, linux-amd64)
Heap:
 garbage-first heap   total 27648K, used 5842K [0x00000000c0000000, 0x0000000100000000)
  region size 1024K, 1 young (1024K), 0 survivors (0K)
 Metaspace       used 2227K, capacity 4892K, committed 5120K, reserved 1056768K
  class space    used 196K, capacity 452K, committed 512K, reserved 1048576K
GC Heap History (20 events):
Event: 128.114 GC heap before
{Heap before GC invocations=31 (full 26):
 garbage-first heap   total 27648K, used 5842K [0x00000000c0000000, 0x0000000100000000)
  region size 1024K, 1 young (1024K), 0 survivors (0K)
 Metaspace       used 2219K, capacity 4892K, committed 5120K, reserved 1056768K
  class space    used 194K, capacity 452K, committed 512K, reserved 1048576K
}
Event: 128.122 GC heap after
{Heap after GC invocations=32 (full 27):
 garbage-first heap   total 27648K, used 5842K [0x00000000c0000000, 0x0000000100000000)
  region size 1024K, 0 young (0K), 0 survivors (0K)
 Metaspace       used 2219K, capacity 4892K, committed 5120K, reserved 1056768K
  class space    used 194K, capacity 452K, committed 512K, reserved 1048576K
}
Event: 128.863 GC heap before
{Heap before GC invocations=32 (full 27):
 garbage-first heap   total 27648K, used 5842K [0x00000000c0000000, 0x0000000100000000)
  region size 1024K, 1 young (1024K), 0 survivors (0K)
 Metaspace       used 2219K, capacity 4892K, committed 5120K, reserved 1056768K
  class space    used 194K, capacity 452K, committed 512K, reserved 1048576K
}
Event: 128.871 GC heap after
{Heap after GC invocations=33 (full 28):
 garbage-first heap   total 27648K, used 5842K [0x00000000c0000000, 0x0000000100000000)
  region size 1024K, 0 young (0K), 0 survivors (0K)
 Metaspace       used 2219K, capacity 4892K, committed 5120K, reserved 1056768K
  class space    used 194K, capacity 452K, committed 512K, reserved 1048576K
}
Event: 129.008 GC heap before
{Heap before GC invocations=33 (full 28):
 garbage-first heap   total 27648K, used 5842K [0x00000000c0000000, 0x0000000100000000)
  region size 1024K, 1 young (1024K), 0 survivors (0K)
 Metaspace       used 2219K, capacity 4892K, committed 5120K, reserved 1056768K
  class space    used 194K, capacity 452K, committed 512K, reserved 1048576K
}
Event: 129.017 GC heap after
{Heap after GC invocations=34 (full 29):
 garbage-first heap   total 27648K, used 5842K [0x00000000c0000000, 0x0000000100000000)
  region size 1024K, 0 young (0K), 0 survivors (0K)
 Metaspace       used 2219K, capacity 4892K, committed 5120K, reserved 1056768K
  class space    used 194K, capacity 452K, committed 512K, reserved 1048576K
}
Event: 129.164 GC heap before
{Heap before GC invocations=34 (full 29):
 garbage-first heap   total 27648K, used 5842K [0x00000000c0000000, 0x0000000100000000)
  region size 1024K, 1 young (1024K), 0 survivors (0K)
 Metaspace       used 2219K, capacity 4892K, committed 5120K, reserved 1056768K
  class space    used 194K, capacity 452K, committed 512K, reserved 1048576K
}
Event: 129.173 GC heap after
{Heap after GC invocations=35 (full 30):
 garbage-first heap   total 27648K, used 5842K [0x00000000c0000000, 0x0000000100000000)
  region size 1024K, 0 young (0K), 0 survivors (0K)
 Metaspace       used 2219K, capacity 4892K, committed 5120K, reserved 1056768K
  class space    used 194K, capacity 452K, committed 512K, reserved 1048576K
}
Event: 129.962 GC heap before
{Heap before GC invocations=35 (full 30):
 garbage-first heap   total 27648K, used 5842K [0x00000000c0000000, 0x0000000100000000)
  region size 1024K, 1 young (1024K), 0 survivors (0K)
 Metaspace       used 2219K, capacity 4892K, committed 5120K, reserved 1056768K
  class space    used 194K, capacity 452K, committed 512K, reserved 1048576K
}
Event: 129.970 GC heap after
{Heap after GC invocations=36 (full 31):
 garbage-first heap   total 27648K, used 5842K [0x00000000c0000000, 0x0000000100000000)
  region size 1024K, 0 young (0K), 0 survivors (0K)
 Metaspace       used 2219K, capacity 4892K, committed 5120K, reserved 1056768K
  class space    used 194K, capacity 452K, committed 512K, reserved 1048576K
}
Event: 130.117 GC heap before
{Heap before GC invocations=36 (full 31):
 garbage-first heap   total 27648K, used 5842K [0x00000000c0000000, 0x0000000100000000)
  region size 1024K, 1 young (1024K), 0 survivors (0K)
 Metaspace       used 2219K, capacity 4892K, committed 5120K, reserved 1056768K
  class space    used 194K, capacity 452K, committed 512K, reserved 1048576K
}
Event: 130.125 GC heap after
{Heap after GC invocations=37 (full 32):
 garbage-first heap   total 27648K, used 5842K [0x00000000c0000000, 0x0000000100000000)
  region size 1024K, 0 young (0K), 0 survivors (0K)
 Metaspace       used 2219K, capacity 4892K, committed 5120K, reserved 1056768K
  class space    used 194K, capacity 452K, committed 512K, reserved 1048576K
}
Event: 130.278 GC heap before
{Heap before GC invocations=37 (full 32):
 garbage-first heap   total 27648K, used 5842K [0x00000000c0000000, 0x0000000100000000)
  region size 1024K, 1 young (1024K), 0 survivors (0K)
 Metaspace       used 2219K, capacity 4892K, committed 5120K, reserved 1056768K
  class space    used 194K, capacity 452K, committed 512K, reserved 1048576K
}
Event: 130.287 GC heap after
{Heap after GC invocations=38 (full 33):
 garbage-first heap   total 27648K, used 5842K [0x00000000c0000000, 0x0000000100000000)
  region size 1024K, 0 young (0K), 0 survivors (0K)
 Metaspace       used 2219K, capacity 4892K, committed 5120K, reserved 1056768K
  class space    used 194K, capacity 452K, committed 512K, reserved 1048576K
}
Event: 132.931 GC heap before
{Heap before GC invocations=38 (full 33):
 garbage-first heap   total 27648K, used 5842K [0x00000000c0000000, 0x0000000100000000)
  region size 1024K, 1 young (1024K), 0 survivors (0K)
 Metaspace       used 2219K, capacity 4892K, committed 5120K, reserved 1056768K
  class space    used 194K, capacity 452K, committed 512K, reserved 1048576K
}
Event: 132.941 GC heap after
{Heap after GC invocations=39 (full 34):
 garbage-first heap   total 27648K, used 5842K [0x00000000c0000000, 0x0000000100000000)
  region size 1024K, 0 young (0K), 0 survivors (0K)
 Metaspace       used 2219K, capacity 4892K, committed 5120K, reserved 1056768K
  class space    used 194K, capacity 452K, committed 512K, reserved 1048576K
}
Event: 133.106 GC heap before
{Heap before GC invocations=39 (full 34):
 garbage-first heap   total 27648K, used 5842K [0x00000000c0000000, 0x0000000100000000)
  region size 1024K, 1 young (1024K), 0 survivors (0K)
 Metaspace       used 2219K, capacity 4892K, committed 5120K, reserved 1056768K
  class space    used 194K, capacity 452K, committed 512K, reserved 1048576K
}
Event: 133.116 GC heap after
{Heap after GC invocations=40 (full 35):
 garbage-first heap   total 27648K, used 5842K [0x00000000c0000000, 0x0000000100000000)
  region size 1024K, 0 young (0K), 0 survivors (0K)
 Metaspace       used 2219K, capacity 4892K, committed 5120K, reserved 1056768K
  class space    used 194K, capacity 452K, committed 512K, reserved 1048576K
}
Event: 133.291 GC heap before
{Heap before GC invocations=40 (full 35):
 garbage-first heap   total 27648K, used 5842K [0x00000000c0000000, 0x0000000100000000)
  region size 1024K, 1 young (1024K), 0 survivors (0K)
 Metaspace       used 2219K, capacity 4892K, committed 5120K, reserved 1056768K
  class space    used 194K, capacity 452K, committed 512K, reserved 1048576K
}
Event: 133.301 GC heap after
{Heap after GC invocations=41 (full 36):
 garbage-first heap   total 27648K, used 5842K [0x00000000c0000000, 0x0000000100000000)
  region size 1024K, 0 young (0K), 0 survivors (0K)
 Metaspace       used 2219K, capacity 4892K, committed 5120K, reserved 1056768K
  class space    used 194K, capacity 452K, committed 512K, reserved 1048576K
}

